<?xml version="1.0" encoding="UTF-8"?>
<testng-results ignored="0" total="1" passed="1" failed="0" skipped="0">
  <reporter-output>
  </reporter-output>
  <suite started-at="2024-02-28T16:42:36 IST" name="Suite" finished-at="2024-02-28T16:42:43 IST" duration-ms="6929">
    <groups>
    </groups>
    <test started-at="2024-02-28T16:42:36 IST" name="Test" finished-at="2024-02-28T16:42:43 IST" duration-ms="6929">
      <class name="TestNG.ListenerTestClass">
        <test-method signature="invokechrome()[pri:0, instance:TestNG.ListenerTestClass@67080771]" started-at="2024-02-28T16:42:36 IST" name="invokechrome" finished-at="2024-02-28T16:42:43 IST" duration-ms="6871" status="PASS">
          <reporter-output>
          </reporter-output>
        </test-method> <!-- invokechrome -->
      </class> <!-- TestNG.ListenerTestClass -->
    </test> <!-- Test -->
  </suite> <!-- Suite -->
</testng-results>
